<?xml version="1.0" encoding="UTF-8"?>
<testng-results skipped="0" failed="2" ignored="0" total="2" passed="0">
  <reporter-output>
    <line>
      <![CDATA[Message to verify Condition -->> >>> >>>>++++++]]>
    </line>
  </reporter-output>
  <suite name="Default suite" duration-ms="16070" started-at="2022-07-25T14:32:06 IST" finished-at="2022-07-25T14:32:22 IST">
    <groups>
    </groups>
    <test name="Default test" duration-ms="16070" started-at="2022-07-25T14:32:06 IST" finished-at="2022-07-25T14:32:22 IST">
      <class name="qa.testcases.PlanVacationTest">
        <test-method status="PASS" signature="setup()[pri:0, instance:qa.testcases.PlanVacationTest@6acdbdf5]" name="setup" is-config="true" duration-ms="5510" started-at="2022-07-25T14:32:06 IST" finished-at="2022-07-25T14:32:11 IST">
          <reporter-output>
          </reporter-output>
        </test-method> <!-- setup -->
        <test-method status="FAIL" signature="clickplanvacation()[pri:0, instance:qa.testcases.PlanVacationTest@6acdbdf5]" name="clickplanvacation" duration-ms="7707" started-at="2022-07-25T14:32:11 IST" finished-at="2022-07-25T14:32:19 IST">
          <exception class="java.lang.AssertionError">
            <message>
              <![CDATA[expected [Select duration for your cities] but found [Build Your Own Customized Trip Plan]]]>
            </message>
            <full-stacktrace>
              <![CDATA[java.lang.AssertionError: expected [Select duration for your cities] but found [Build Your Own Customized Trip Plan]
at org.testng.Assert.fail(Assert.java:97)
at org.testng.Assert.assertEqualsImpl(Assert.java:136)
at org.testng.Assert.assertEquals(Assert.java:118)
at org.testng.Assert.assertEquals(Assert.java:575)
at org.testng.Assert.assertEquals(Assert.java:585)
at qa.pages.PlanVacation.clickStartPlanning(PlanVacation.java:153)
at qa.testcases.PlanVacationTest.clickplanvacation(PlanVacationTest.java:61)
at sun.reflect.NativeMethodAccessorImpl.invoke0(Native Method)
at sun.reflect.NativeMethodAccessorImpl.invoke(NativeMethodAccessorImpl.java:62)
at sun.reflect.DelegatingMethodAccessorImpl.invoke(DelegatingMethodAccessorImpl.java:43)
at java.lang.reflect.Method.invoke(Method.java:498)
at org.testng.internal.MethodInvocationHelper.invokeMethod(MethodInvocationHelper.java:133)
at org.testng.internal.TestInvoker.invokeMethod(TestInvoker.java:584)
at org.testng.internal.TestInvoker.invokeTestMethod(TestInvoker.java:172)
at org.testng.internal.MethodRunner.runInSequence(MethodRunner.java:46)
at org.testng.internal.TestInvoker$MethodInvocationAgent.invoke(TestInvoker.java:804)
at org.testng.internal.TestInvoker.invokeTestMethods(TestInvoker.java:145)
at org.testng.internal.TestMethodWorker.invokeTestMethods(TestMethodWorker.java:146)
at org.testng.internal.TestMethodWorker.run(TestMethodWorker.java:128)
at java.util.ArrayList.forEach(ArrayList.java:1257)
at org.testng.TestRunner.privateRun(TestRunner.java:770)
at org.testng.TestRunner.run(TestRunner.java:591)
at org.testng.SuiteRunner.runTest(SuiteRunner.java:402)
at org.testng.SuiteRunner.runSequentially(SuiteRunner.java:396)
at org.testng.SuiteRunner.privateRun(SuiteRunner.java:355)
at org.testng.SuiteRunner.run(SuiteRunner.java:304)
at org.testng.SuiteRunnerWorker.runSuite(SuiteRunnerWorker.java:53)
at org.testng.SuiteRunnerWorker.run(SuiteRunnerWorker.java:96)
at org.testng.TestNG.runSuitesSequentially(TestNG.java:1180)
at org.testng.TestNG.runSuitesLocally(TestNG.java:1102)
at org.testng.TestNG.runSuites(TestNG.java:1032)
at org.testng.TestNG.run(TestNG.java:1000)
at org.testng.remote.AbstractRemoteTestNG.run(AbstractRemoteTestNG.java:115)
at org.testng.remote.RemoteTestNG.initAndRun(RemoteTestNG.java:251)
at org.testng.remote.RemoteTestNG.main(RemoteTestNG.java:77)
]]>
            </full-stacktrace>
          </exception> <!-- java.lang.AssertionError -->
          <reporter-output>
            <line>
              <![CDATA[Message to verify Condition -->> >>> >>>>++++++]]>
            </line>
          </reporter-output>
        </test-method> <!-- clickplanvacation -->
        <test-method status="PASS" signature="removeDriver()[pri:0, instance:qa.testcases.PlanVacationTest@6acdbdf5]" name="removeDriver" is-config="true" duration-ms="122" started-at="2022-07-25T14:32:19 IST" finished-at="2022-07-25T14:32:19 IST">
          <reporter-output>
          </reporter-output>
        </test-method> <!-- removeDriver -->
        <test-method status="PASS" signature="setup()[pri:0, instance:qa.testcases.PlanVacationTest@6acdbdf5]" name="setup" is-config="true" duration-ms="2485" started-at="2022-07-25T14:32:19 IST" finished-at="2022-07-25T14:32:22 IST">
          <reporter-output>
          </reporter-output>
        </test-method> <!-- setup -->
        <test-method status="FAIL" signature="homePageTitleTest()[pri:1, instance:qa.testcases.PlanVacationTest@6acdbdf5]" name="homePageTitleTest" duration-ms="14" started-at="2022-07-25T14:32:22 IST" finished-at="2022-07-25T14:32:22 IST">
          <exception class="java.lang.AssertionError">
            <message>
              <![CDATA[expected [Vacation Planner for Your Holidays: TripHo] but found [Vacation Planner for Your Holidays: TripHobo]]]>
            </message>
            <full-stacktrace>
              <![CDATA[java.lang.AssertionError: expected [Vacation Planner for Your Holidays: TripHo] but found [Vacation Planner for Your Holidays: TripHobo]
at org.testng.Assert.fail(Assert.java:97)
at org.testng.Assert.assertEqualsImpl(Assert.java:136)
at org.testng.Assert.assertEquals(Assert.java:118)
at org.testng.Assert.assertEquals(Assert.java:575)
at org.testng.Assert.assertEquals(Assert.java:585)
at qa.testcases.PlanVacationTest.homePageTitleTest(PlanVacationTest.java:45)
at sun.reflect.NativeMethodAccessorImpl.invoke0(Native Method)
at sun.reflect.NativeMethodAccessorImpl.invoke(NativeMethodAccessorImpl.java:62)
at sun.reflect.DelegatingMethodAccessorImpl.invoke(DelegatingMethodAccessorImpl.java:43)
at java.lang.reflect.Method.invoke(Method.java:498)
at org.testng.internal.MethodInvocationHelper.invokeMethod(MethodInvocationHelper.java:133)
at org.testng.internal.TestInvoker.invokeMethod(TestInvoker.java:584)
at org.testng.internal.TestInvoker.invokeTestMethod(TestInvoker.java:172)
at org.testng.internal.MethodRunner.runInSequence(MethodRunner.java:46)
at org.testng.internal.TestInvoker$MethodInvocationAgent.invoke(TestInvoker.java:804)
at org.testng.internal.TestInvoker.invokeTestMethods(TestInvoker.java:145)
at org.testng.internal.TestMethodWorker.invokeTestMethods(TestMethodWorker.java:146)
at org.testng.internal.TestMethodWorker.run(TestMethodWorker.java:128)
at java.util.ArrayList.forEach(ArrayList.java:1257)
at org.testng.TestRunner.privateRun(TestRunner.java:770)
at org.testng.TestRunner.run(TestRunner.java:591)
at org.testng.SuiteRunner.runTest(SuiteRunner.java:402)
at org.testng.SuiteRunner.runSequentially(SuiteRunner.java:396)
at org.testng.SuiteRunner.privateRun(SuiteRunner.java:355)
at org.testng.SuiteRunner.run(SuiteRunner.java:304)
at org.testng.SuiteRunnerWorker.runSuite(SuiteRunnerWorker.java:53)
at org.testng.SuiteRunnerWorker.run(SuiteRunnerWorker.java:96)
at org.testng.TestNG.runSuitesSequentially(TestNG.java:1180)
at org.testng.TestNG.runSuitesLocally(TestNG.java:1102)
at org.testng.TestNG.runSuites(TestNG.java:1032)
at org.testng.TestNG.run(TestNG.java:1000)
at org.testng.remote.AbstractRemoteTestNG.run(AbstractRemoteTestNG.java:115)
at org.testng.remote.RemoteTestNG.initAndRun(RemoteTestNG.java:251)
at org.testng.remote.RemoteTestNG.main(RemoteTestNG.java:77)
]]>
            </full-stacktrace>
          </exception> <!-- java.lang.AssertionError -->
          <reporter-output>
          </reporter-output>
        </test-method> <!-- homePageTitleTest -->
        <test-method status="PASS" signature="removeDriver()[pri:0, instance:qa.testcases.PlanVacationTest@6acdbdf5]" name="removeDriver" is-config="true" duration-ms="194" started-at="2022-07-25T14:32:22 IST" finished-at="2022-07-25T14:32:22 IST">
          <reporter-output>
          </reporter-output>
        </test-method> <!-- removeDriver -->
      </class> <!-- qa.testcases.PlanVacationTest -->
    </test> <!-- Default test -->
  </suite> <!-- Default suite -->
</testng-results>
